<?xml version="1.0" encoding="UTF-8"?>
<testsuite name="com.zendesk.service.TicketsServiceTest" tests="1" skipped="0" failures="0" errors="0" timestamp="2021-11-29T00:28:19" hostname="Vinayakas-MacBook-Pro.local" time="0.021">
  <properties/>
  <testcase name="getAllTickets()" classname="com.zendesk.service.TicketsServiceTest" time="0.021"/>
  <system-out><![CDATA[]]></system-out>
  <system-err><![CDATA[]]></system-err>
</testsuite>
